<?xml version="1.0" encoding="UTF-8" ?>
<testsuite tests="1" failures="0" name="com.test.runners.RunTest" time="1.335" errors="1" skipped="0">
  <properties>
[...]
</properties>
  <testcase classname="Title of your feature" name="Title of your scenario" time="1.335">
    <error message="The step &apos;I add four random items to my cart&apos; and 5 other step(s) are undefined.
You can implement these steps using the snippet(s) below:

@Given(&quot;I add four random items to my cart&quot;)
public void i_add_four_random_items_to_my_cart() {
    // Write code here that turns the phrase above into concrete actions
    throw new io.cucumber.java.PendingException();
}
@When(&quot;I view my cart&quot;)
public void i_view_my_cart() {
    // Write code here that turns the phrase above into concrete actions
    throw new io.cucumber.java.PendingException();
}
@Then(&quot;I find four items listed in my cart&quot;)
public void i_find_four_items_listed_in_my_cart() {
    // Write code here that turns the phrase above into concrete actions
    throw new io.cucumber.java.PendingException();
}
@When(&quot;I search for lowest price item&quot;)
public void i_search_for_lowest_price_item() {
    // Write code here that turns the phrase above into concrete actions
    throw new io.cucumber.java.PendingException();
}
@When(&quot;I am able to remove the lowest price item from my cart&quot;)
public void i_am_able_to_remove_the_lowest_price_item_from_my_cart() {
    // Write code here that turns the phrase above into concrete actions
    throw new io.cucumber.java.PendingException();
}
@Then(&quot;I am able to verify three items in my cart&quot;)
public void i_am_able_to_verify_three_items_in_my_cart() {
    // Write code here that turns the phrase above into concrete actions
    throw new io.cucumber.java.PendingException();
}
" type="io.cucumber.junit.UndefinedStepException">io.cucumber.junit.UndefinedStepException: The step &apos;I add four random items to my cart&apos; and 5 other step(s) are undefined.
You can implement these steps using the snippet(s) below:

@Given(&quot;I add four random items to my cart&quot;)
public void i_add_four_random_items_to_my_cart() {
    // Write code here that turns the phrase above into concrete actions
    throw new io.cucumber.java.PendingException();
}
@When(&quot;I view my cart&quot;)
public void i_view_my_cart() {
    // Write code here that turns the phrase above into concrete actions
    throw new io.cucumber.java.PendingException();
}
@Then(&quot;I find four items listed in my cart&quot;)
public void i_find_four_items_listed_in_my_cart() {
    // Write code here that turns the phrase above into concrete actions
    throw new io.cucumber.java.PendingException();
}
@When(&quot;I search for lowest price item&quot;)
public void i_search_for_lowest_price_item() {
    // Write code here that turns the phrase above into concrete actions
    throw new io.cucumber.java.PendingException();
}
@When(&quot;I am able to remove the lowest price item from my cart&quot;)
public void i_am_able_to_remove_the_lowest_price_item_from_my_cart() {
    // Write code here that turns the phrase above into concrete actions
    throw new io.cucumber.java.PendingException();
}
@Then(&quot;I am able to verify three items in my cart&quot;)
public void i_am_able_to_verify_three_items_in_my_cart() {
    // Write code here that turns the phrase above into concrete actions
    throw new io.cucumber.java.PendingException();
}

</error>
  </testcase>
</testsuite>